INICIANDO SESION 1459341705
Iniciando proceso principal...
Inicializando configuración aplicación...
Inicializando configuración kernel...
Inicializando SDL2...
Inicializando kernel...
Detectado nuevo joystick...
Detectado nuevo joystick...
Detectado nuevo joystick...
Detectado nuevo joystick...
Detectado nuevo joystick...
Detectado nuevo joystick...
Detectado nuevo joystick...
Inicializando mapa...
Inicio de registro de jugador
Registrando jugador en -540,0
Inicio de registro de jugador
Registrando jugador en -540,0
Finalizando proceso principal.
Finalizando SDL2...

FINALIZANDO SESION 1459341754